This is pdfTeX, Version 3.141592653-2.6-1.40.29 (TeX Live 2026) (preloaded format=pdflatex 2026.6.20)  23 JUN 2026 22:19
entering extended mode
 restricted \write18 enabled.
 %&-line parsing enabled.
**main.tex
(./main.tex
LaTeX2e <2026-06-01>
L3 programming layer <2026-06-18>
(/usr/local/texlive/2026/texmf-dist/tex/latex/elsarticle/elsarticle.cls
Document Class: elsarticle 2026/01/09, 3.5: Elsevier Ltd
(/usr/local/texlive/2026/texmf-dist/tex/latex/base/fontenc.sty
Package: fontenc 2025/07/18 v2.1d Standard LaTeX package
)
(/usr/local/texlive/2026/texmf-dist/tex/latex/l3kernel/expl3.sty
Package: expl3 2026-06-18 L3 programming layer (loader) 

(/usr/local/texlive/2026/texmf-dist/tex/latex/l3backend/l3backend-pdftex.def
File: l3backend-pdftex.def 2026-02-18 L3 backend support: PDF output (pdfTeX)
\l__color_backend_stack_int=\count276
))
(/usr/local/texlive/2026/texmf-dist/tex/latex/l3packages/xparse/xparse.sty
Package: xparse 2025-10-09 L3 Experimental document command parser
)
(/usr/local/texlive/2026/texmf-dist/tex/latex/etoolbox/etoolbox.sty
Package: etoolbox 2025/10/02 v2.5m e-TeX tools for LaTeX (JAW)
\etb@tempcnta=\count277
)
\@bls=\dimen150

(/usr/local/texlive/2026/texmf-dist/tex/latex/base/article.cls
Document Class: article 2025/01/22 v1.4n Standard LaTeX document class
(/usr/local/texlive/2026/texmf-dist/tex/latex/base/size10.clo
File: size10.clo 2025/01/22 v1.4n Standard LaTeX file (size option)
)
\c@part=\count278
\c@section=\count279
\c@subsection=\count280
\c@subsubsection=\count281
\c@paragraph=\count282
\c@subparagraph=\count283
\c@figure=\count284
\c@table=\count285
\abovecaptionskip=\skip49
\belowcaptionskip=\skip50
\bibindent=\dimen151
)
(/usr/local/texlive/2026/texmf-dist/tex/latex/graphics/graphicx.sty
Package: graphicx 2026-05-17 v1.2e Enhanced LaTeX Graphics (DPC,SPQR)

(/usr/local/texlive/2026/texmf-dist/tex/latex/graphics/keyval.sty
Package: keyval 2026-05-17 v1.15 key=value parser (DPC)
\KV@toks@=\toks17
)
(/usr/local/texlive/2026/texmf-dist/tex/latex/graphics/graphics.sty
Package: graphics 2026-05-17 v1.4h Standard LaTeX Graphics (DPC,SPQR)

(/usr/local/texlive/2026/texmf-dist/tex/latex/graphics/trig.sty
Package: trig 2023/12/02 v1.11 sin cos tan (DPC)
)
(/usr/local/texlive/2026/texmf-dist/tex/latex/graphics-cfg/graphics.cfg
File: graphics.cfg 2016/06/04 v1.11 sample graphics configuration
)
Package graphics Info: Driver file: pdftex.def on input line 106.

(/usr/local/texlive/2026/texmf-dist/tex/latex/graphics-def/pdftex.def
File: pdftex.def 2025/09/29 v1.2d Graphics/color driver for pdftex
))
\Gin@req@height=\dimen152
\Gin@req@width=\dimen153
)
\c@tnote=\count286
\c@fnote=\count287
\c@cnote=\count288
\c@ead=\count289
\c@elsarticle@author=\count290
\@eadauthor=\toks18
\c@affn=\count291
\absbox=\box53
\elsarticlehighlightsbox=\box54
\elsarticlegrabsbox=\box55
\keybox=\box56
\Columnwidth=\dimen154
\space@left=\dimen155
\els@boxa=\box57
\els@boxb=\box58
\leftMargin=\dimen156
\@enLab=\toks19
\@sep=\skip51
\@@sep=\skip52

(./main.spl) (/usr/local/texlive/2026/texmf-dist/tex/latex/natbib/natbib.sty
Package: natbib 2010/09/13 8.31b (PWD, AO)
\bibhang=\skip53
\bibsep=\skip54
LaTeX Info: Redefining \cite on input line 694.
\c@NAT@ctr=\count292
)
\splwrite=\write3
\openout3 = `main.spl'.

\appnamewidth=\dimen157
)
(/usr/local/texlive/2026/texmf-dist/tex/latex/amsmath/amsmath.sty
Package: amsmath 2026/05/19 v2.18d AMS math features
\@mathmargin=\skip55

For additional information on amsmath, use the `?' option.
(/usr/local/texlive/2026/texmf-dist/tex/latex/amsmath/amstext.sty
Package: amstext 2024/11/17 v2.01 AMS text

(/usr/local/texlive/2026/texmf-dist/tex/latex/amsmath/amsgen.sty
File: amsgen.sty 1999/11/30 v2.0 generic functions
\@emptytoks=\toks20
\ex@=\dimen158
))
(/usr/local/texlive/2026/texmf-dist/tex/latex/amsmath/amsbsy.sty
Package: amsbsy 1999/11/29 v1.2d Bold Symbols
\pmbraise@=\dimen159
)
(/usr/local/texlive/2026/texmf-dist/tex/latex/amsmath/amsopn.sty
Package: amsopn 2022/04/08 v2.04 operator names
)
\inf@bad=\count293
LaTeX Info: Redefining \frac on input line 233.
\uproot@=\count294
\leftroot@=\count295
LaTeX Info: Redefining \overline on input line 398.
LaTeX Info: Redefining \colon on input line 409.
\classnum@=\count296
\DOTSCASE@=\count297
LaTeX Info: Redefining \ldots on input line 495.
LaTeX Info: Redefining \dots on input line 498.
LaTeX Info: Redefining \cdots on input line 619.
\Mathstrutbox@=\box59
\strutbox@=\box60
LaTeX Info: Redefining \big on input line 721.
LaTeX Info: Redefining \Big on input line 722.
LaTeX Info: Redefining \bigg on input line 723.
LaTeX Info: Redefining \Bigg on input line 724.
\big@size=\dimen160
LaTeX Font Info:    Redeclaring font encoding OML on input line 742.
LaTeX Font Info:    Redeclaring font encoding OMS on input line 743.
\macc@depth=\count298
LaTeX Info: Redefining \bmod on input line 904.
LaTeX Info: Redefining \pmod on input line 909.
LaTeX Info: Redefining \smash on input line 939.
LaTeX Info: Redefining \relbar on input line 969.
LaTeX Info: Redefining \Relbar on input line 970.
\c@MaxMatrixCols=\count299
\dotsspace@=\muskip17
\c@parentequation=\count300
\dspbrk@lvl=\count301
\tag@help=\toks21
\row@=\count302
\column@=\count303
\maxfields@=\count304
\andhelp@=\toks22
\eqnshift@=\dimen161
\alignsep@=\dimen162
\tagshift@=\dimen163
\tagwidth@=\dimen164
\totwidth@=\dimen165
\lineht@=\dimen166
\@envbody=\toks23
\multlinegap=\skip56
\multlinetaggap=\skip57
\mathdisplay@stack=\toks24
LaTeX Info: Redefining \[ on input line 2965.
LaTeX Info: Redefining \] on input line 2966.
)
(/usr/local/texlive/2026/texmf-dist/tex/latex/amsfonts/amssymb.sty
Package: amssymb 2013/01/14 v3.01 AMS font symbols

(/usr/local/texlive/2026/texmf-dist/tex/latex/amsfonts/amsfonts.sty
Package: amsfonts 2013/01/14 v3.01 Basic AMSFonts support
\symAMSa=\mathgroup4
\symAMSb=\mathgroup5
LaTeX Font Info:    Redeclaring math symbol \hbar on input line 98.
LaTeX Font Info:    Overwriting math alphabet `\mathfrak' in version `bold'
(Font)                  U/euf/m/n --> U/euf/b/n on input line 106.
))
(/usr/local/texlive/2026/texmf-dist/tex/latex/booktabs/booktabs.sty
Package: booktabs 2020/01/12 v1.61803398 Publication quality tables
\heavyrulewidth=\dimen167
\lightrulewidth=\dimen168
\cmidrulewidth=\dimen169
\belowrulesep=\dimen170
\belowbottomsep=\dimen171
\aboverulesep=\dimen172
\abovetopsep=\dimen173
\cmidrulesep=\dimen174
\cmidrulekern=\dimen175
\defaultaddspace=\dimen176
\@cmidla=\count305
\@cmidlb=\count306
\@aboverulesep=\dimen177
\@belowrulesep=\dimen178
\@thisruleclass=\count307
\@lastruleclass=\count308
\@thisrulewidth=\dimen179
)
(/usr/local/texlive/2026/texmf-dist/tex/latex/multirow/multirow.sty
Package: multirow 2024/11/12 v2.9 Span multiple rows of a table
\multirow@colwidth=\skip58
\multirow@cntb=\count309
\multirow@dima=\skip59
\bigstrutjot=\dimen180
)
(/usr/local/texlive/2026/texmf-dist/tex/latex/siunitx/siunitx.sty
Package: siunitx 2026-05-15 v3.5.5 A comprehensive (SI) units package
\l__siunitx_number_uncert_offset_int=\count310
\l__siunitx_number_exponent_fixed_int=\count311
\l__siunitx_number_min_decimal_int=\count312
\l__siunitx_number_min_integer_int=\count313
\l__siunitx_number_round_precision_int=\count314
\l__siunitx_number_lower_threshold_int=\count315
\l__siunitx_number_upper_threshold_int=\count316
\l__siunitx_number_group_first_int=\count317
\l__siunitx_number_group_size_int=\count318
\l__siunitx_number_group_min_int=\count319
\l__siunitx_number_group_minimum_int=\count320
\l__siunitx_compound_count_int=\count321

(/usr/local/texlive/2026/texmf-dist/tex/latex/translations/translations.sty
Package: translations 2022/02/05 v1.12 internationalization of LaTeX2e packages
 (CN)

(/usr/local/texlive/2026/texmf-dist/tex/generic/pdftexcmds/pdftexcmds.sty
Package: pdftexcmds 2020-06-27 v0.33 Utility functions of pdfTeX for LuaTeX (HO
)

(/usr/local/texlive/2026/texmf-dist/tex/generic/infwarerr/infwarerr.sty
Package: infwarerr 2019/12/03 v1.5 Providing info/warning/error messages (HO)
)
(/usr/local/texlive/2026/texmf-dist/tex/generic/iftex/iftex.sty
Package: iftex 2024/12/12 v1.0g TeX engine tests
)
(/usr/local/texlive/2026/texmf-dist/tex/generic/ltxcmds/ltxcmds.sty
Package: ltxcmds 2023-12-04 v1.26 LaTeX kernel commands for general use (HO)
)
Package pdftexcmds Info: \pdf@primitive is available.
Package pdftexcmds Info: \pdf@ifprimitive is available.
Package pdftexcmds Info: \pdfdraftmode found.
))
\l__siunitx_table_tmp_box=\box61
\l__siunitx_table_tmp_dim=\dimen181
\l__siunitx_table_column_width_dim=\dimen182
\l__siunitx_table_integer_box=\box62
\l__siunitx_table_decimal_box=\box63
\l__siunitx_table_uncert_box=\box64
\l__siunitx_table_before_box=\box65
\l__siunitx_table_after_box=\box66
\l__siunitx_table_before_dim=\dimen183
\l__siunitx_table_carry_dim=\dimen184
\l__siunitx_unit_tmp_int=\count322
\l__siunitx_unit_position_int=\count323
\l__siunitx_unit_total_int=\count324
\l__siunitx_sexagesimal_tmp_dim=\dimen185
\l__siunitx_sexagesimal_marker_box=\box67
\l__siunitx_sexagesimal_unit_box=\box68

(/usr/local/texlive/2026/texmf-dist/tex/latex/tools/array.sty
Package: array 2026/02/24 v2.7b Tabular extension package (FMi)
\col@sep=\dimen186
\ar@mcellbox=\box69
\extrarowheight=\dimen187
\NC@list=\toks25
\extratabsurround=\skip60
\backup@length=\skip61
\ar@cellbox=\box70
))
(/usr/local/texlive/2026/texmf-dist/tex/latex/caption/subcaption.sty
Package: subcaption 2023/07/28 v1.6b Sub-captions (AR)

(/usr/local/texlive/2026/texmf-dist/tex/latex/caption/caption.sty
Package: caption 2023/08/05 v3.6o Customizing captions (AR)

(/usr/local/texlive/2026/texmf-dist/tex/latex/caption/caption3.sty
Package: caption3 2023/07/31 v2.4d caption3 kernel (AR)
\caption@tempdima=\dimen188
\captionmargin=\dimen189
\caption@leftmargin=\dimen190
\caption@rightmargin=\dimen191
\caption@width=\dimen192
\caption@indent=\dimen193
\caption@parindent=\dimen194
\caption@hangindent=\dimen195
Package caption Info: elsarticle document class detected.

(/usr/local/texlive/2026/texmf-dist/tex/latex/caption/caption-elsarticle.sto
File: caption-elsarticle.sto 2020/08/22 v2.0 Adaption of the caption package to
 the elsarticle document class (AR)
))
\c@caption@flags=\count325
\c@continuedfloat=\count326
)
Package caption Info: New subtype `subfigure' on input line 238.
\c@subfigure=\count327
Package caption Info: New subtype `subtable' on input line 238.
\c@subtable=\count328
) (/usr/local/texlive/2026/texmf-dist/tex/latex/url/url.sty
\Urlmuskip=\muskip18
Package: url 2013/09/16  ver 3.4  Verb mode for urls, etc.
)
(/usr/local/texlive/2026/texmf-dist/tex/latex/hyperref/hyperref.sty
Package: hyperref 2026-06-17 v7.01r Hypertext links for LaTeX

(/usr/local/texlive/2026/texmf-dist/tex/latex/kvsetkeys/kvsetkeys.sty
Package: kvsetkeys 2022-10-05 v1.19 Key value parser (HO)
)
(/usr/local/texlive/2026/texmf-dist/tex/generic/kvdefinekeys/kvdefinekeys.sty
Package: kvdefinekeys 2019-12-19 v1.6 Define keys (HO)
)
(/usr/local/texlive/2026/texmf-dist/tex/generic/pdfescape/pdfescape.sty
Package: pdfescape 2019/12/09 v1.15 Implements pdfTeX's escape features (HO)
)
(/usr/local/texlive/2026/texmf-dist/tex/latex/hycolor/hycolor.sty
Package: hycolor 2020-01-27 v1.10 Color options for hyperref/bookmark (HO)
)
(/usr/local/texlive/2026/texmf-dist/tex/latex/hyperref/nameref.sty
Package: nameref 2026-01-29 v2.58 Cross-referencing by name of section

(/usr/local/texlive/2026/texmf-dist/tex/latex/refcount/refcount.sty
Package: refcount 2019/12/15 v3.6 Data extraction from label references (HO)
)
(/usr/local/texlive/2026/texmf-dist/tex/generic/gettitlestring/gettitlestring.s
ty
Package: gettitlestring 2019/12/15 v1.6 Cleanup title references (HO)
 (/usr/local/texlive/2026/texmf-dist/tex/latex/kvoptions/kvoptions.sty
Package: kvoptions 2022-06-15 v3.15 Key value format for package options (HO)
))
\c@section@level=\count329
)
(/usr/local/texlive/2026/texmf-dist/tex/generic/stringenc/stringenc.sty
Package: stringenc 2019/11/29 v1.12 Convert strings between diff. encodings (HO
)
)
\@linkdim=\dimen196
\Hy@linkcounter=\count330
\Hy@pagecounter=\count331

(/usr/local/texlive/2026/texmf-dist/tex/latex/hyperref/pd1enc.def
File: pd1enc.def 2026-06-17 v7.01r Hyperref: PDFDocEncoding definition (HO)
Now handling font encoding PD1 ...
... no UTF-8 mapping file for font encoding PD1
)
(/usr/local/texlive/2026/texmf-dist/tex/generic/intcalc/intcalc.sty
Package: intcalc 2019/12/15 v1.3 Expandable calculations with integers (HO)
)
\Hy@SavedSpaceFactor=\count332

(/usr/local/texlive/2026/texmf-dist/tex/latex/hyperref/puenc.def
File: puenc.def 2026-06-17 v7.01r Hyperref: PDF Unicode definition (HO)
Now handling font encoding PU ...
... no UTF-8 mapping file for font encoding PU
)
Package hyperref Info: Hyper figures OFF on input line 4199.
Package hyperref Info: Link nesting OFF on input line 4204.
Package hyperref Info: Hyper index ON on input line 4207.
Package hyperref Info: Plain pages OFF on input line 4214.
Package hyperref Info: Backreferencing OFF on input line 4219.
Package hyperref Info: Implicit mode ON; LaTeX internals redefined.
Package hyperref Info: Bookmarks ON on input line 4466.
\c@Hy@tempcnt=\count333
LaTeX Info: Redefining \url on input line 4805.
\XeTeXLinkMargin=\dimen197

(/usr/local/texlive/2026/texmf-dist/tex/generic/bitset/bitset.sty
Package: bitset 2019/12/09 v1.3 Handle bit-vector datatype (HO)

(/usr/local/texlive/2026/texmf-dist/tex/generic/bigintcalc/bigintcalc.sty
Package: bigintcalc 2019/12/15 v1.5 Expandable calculations on big integers (HO
)
))
\Fld@menulength=\count334
\Field@Width=\dimen198
\Fld@charsize=\dimen199
Package hyperref Info: Hyper figures OFF on input line 6091.
Package hyperref Info: Link nesting OFF on input line 6096.
Package hyperref Info: Hyper index ON on input line 6099.
Package hyperref Info: backreferencing OFF on input line 6106.
Package hyperref Info: Link coloring OFF on input line 6111.
Package hyperref Info: Link coloring with OCG OFF on input line 6116.
Package hyperref Info: PDF/A mode OFF on input line 6121.
\Hy@abspage=\count335
\c@Item=\count336
\c@Hfootnote=\count337
)
Package hyperref Info: Driver (autodetected): hpdftex.

(/usr/local/texlive/2026/texmf-dist/tex/latex/hyperref/hpdftex.def
File: hpdftex.def 2026-06-17 v7.01r Hyperref driver for pdfTeX
\Fld@listcount=\count338
\c@bookmark@seq@number=\count339

(/usr/local/texlive/2026/texmf-dist/tex/latex/rerunfilecheck/rerunfilecheck.sty
Package: rerunfilecheck 2025-06-21 v1.11 Rerun checks for auxiliary files (HO)

(/usr/local/texlive/2026/texmf-dist/tex/generic/uniquecounter/uniquecounter.sty
Package: uniquecounter 2019/12/15 v1.4 Provide unlimited unique counter (HO)
)
Package uniquecounter Info: New unique counter `rerunfilecheck' on input line 2
84.
)
\Hy@SectionHShift=\skip62
) (/usr/local/texlive/2026/texmf-dist/tex/latex/float/float.sty
Package: float 2001/11/08 v1.3d Float enhancements (AL)
\c@float@type=\count340
\float@exts=\toks26
\float@box=\box71
\@float@everytoks=\toks27
\@floatcapt=\box72
)
(/usr/local/texlive/2026/texmf-dist/tex/latex/tools/verbatim.sty
Package: verbatim 2024-01-22 v1.5x LaTeX2e package for verbatim enhancements
\every@verbatim=\toks28
\verbatim@line=\toks29
\verbatim@in@stream=\read2
)
(/usr/local/texlive/2026/texmf-dist/tex/latex/lineno/lineno.sty
Package: lineno 2026/03/08 line numbers on paragraphs v5.9
\linenopenalty=\count341
\output=\toks30
\linenoprevgraf=\count342
\linenumbersep=\dimen256
\linenumberwidth=\dimen257
\c@linenumber=\count343
\c@pagewiselinenumber=\count344
\c@LN@truepage=\count345
\c@internallinenumber=\count346
\c@internallinenumbers=\count347
\quotelinenumbersep=\dimen258
\bframerule=\dimen259
\bframesep=\dimen260
\bframebox=\box73
\@LN@amsmath@ams@eqpen=\count348
)
(/usr/local/texlive/2026/texmf-dist/tex/latex/psnfss/times.sty
Package: times 2020/03/25 PSNFSS-v9.3 (SPQR) 
)
(/usr/local/texlive/2026/texmf-dist/tex/latex/graphics/color.sty
Package: color 2026-05-17 v1.3f Standard LaTeX Color (DPC)

(/usr/local/texlive/2026/texmf-dist/tex/latex/graphics-cfg/color.cfg
File: color.cfg 2016/01/02 v1.6 sample color configuration
)
Package color Info: Driver file: pdftex.def on input line 149.

(/usr/local/texlive/2026/texmf-dist/tex/latex/graphics/mathcolor.ltx))
(/usr/local/texlive/2026/texmf-dist/tex/latex/xcolor/xcolor.sty
Package: xcolor 2024/09/29 v3.02 LaTeX color extensions (UK)

(/usr/local/texlive/2026/texmf-dist/tex/latex/graphics-cfg/color.cfg
File: color.cfg 2016/01/02 v1.6 sample color configuration
)
Package xcolor Info: Driver file: pdftex.def on input line 274.
LaTeX Info: Redefining \color on input line 762.

(/usr/local/texlive/2026/texmf-dist/tex/latex/graphics/mathcolor.ltx)
Package xcolor Info: Model `cmy' substituted by `cmy0' on input line 1349.
Package xcolor Info: Model `hsb' substituted by `rgb' on input line 1353.
Package xcolor Info: Model `RGB' extended on input line 1365.
Package xcolor Info: Model `HTML' substituted by `rgb' on input line 1367.
Package xcolor Info: Model `Hsb' substituted by `hsb' on input line 1368.
Package xcolor Info: Model `tHsb' substituted by `hsb' on input line 1369.
Package xcolor Info: Model `HSB' substituted by `hsb' on input line 1370.
Package xcolor Info: Model `Gray' substituted by `gray' on input line 1371.
Package xcolor Info: Model `wave' substituted by `hsb' on input line 1372.
)
\@float@every@table=\toks31
Package hyperref Info: Option `colorlinks' set `true' on input line 33.
Package translations Info: No language package found. I am going to use `englis
h' as default language. on input line 35.
LaTeX Font Info:    Trying to load font information for T1+ptm on input line 35
.

(/usr/local/texlive/2026/texmf-dist/tex/latex/psnfss/t1ptm.fd
File: t1ptm.fd 2001/06/04 font definitions for T1/ptm.
) (./main.aux)
\openout1 = `main.aux'.

LaTeX Font Info:    Checking defaults for OML/cmm/m/it on input line 35.
LaTeX Font Info:    ... okay on input line 35.
LaTeX Font Info:    Checking defaults for OMS/cmsy/m/n on input line 35.
LaTeX Font Info:    ... okay on input line 35.
LaTeX Font Info:    Checking defaults for OT1/cmr/m/n on input line 35.
LaTeX Font Info:    ... okay on input line 35.
LaTeX Font Info:    Checking defaults for T1/cmr/m/n on input line 35.
LaTeX Font Info:    ... okay on input line 35.
LaTeX Font Info:    Checking defaults for TS1/cmr/m/n on input line 35.
LaTeX Font Info:    ... okay on input line 35.
LaTeX Font Info:    Checking defaults for OMX/cmex/m/n on input line 35.
LaTeX Font Info:    ... okay on input line 35.
LaTeX Font Info:    Checking defaults for U/cmr/m/n on input line 35.
LaTeX Font Info:    ... okay on input line 35.
LaTeX Font Info:    Checking defaults for PD1/pdf/m/n on input line 35.
LaTeX Font Info:    ... okay on input line 35.
LaTeX Font Info:    Checking defaults for PU/pdf/m/n on input line 35.
LaTeX Font Info:    ... okay on input line 35.

(/usr/local/texlive/2026/texmf-dist/tex/context/base/mkii/supp-pdf.mkii
[Loading MPS to PDF converter (version 2006.09.02).]
\scratchcounter=\count349
\scratchdimen=\dimen261
\scratchbox=\box74
\nofMPsegments=\count350
\nofMParguments=\count351
\everyMPshowfont=\toks32
\MPscratchCnt=\count352
\MPscratchDim=\dimen262
\MPnumerator=\count353
\makeMPintoPDFobject=\count354
\everyMPtoPDFconversion=\toks33
) (/usr/local/texlive/2026/texmf-dist/tex/latex/epstopdf-pkg/epstopdf-base.sty
Package: epstopdf-base 2020-01-24 v2.11 Base part for package epstopdf
Package epstopdf-base Info: Redefining graphics rule for `.eps' on input line 4
85.

(/usr/local/texlive/2026/texmf-dist/tex/latex/latexconfig/epstopdf-sys.cfg
File: epstopdf-sys.cfg 2010/07/13 v1.3 Configuration of (r)epstopdf for TeX Liv
e
))
(/usr/local/texlive/2026/texmf-dist/tex/latex/translations/translations-basic-d
ictionary-english.trsl
File: translations-basic-dictionary-english.trsl (english translation file `tra
nslations-basic-dictionary')
)
Package translations Info: loading dictionary `translations-basic-dictionary' f
or `english'. on input line 35.
Package caption Info: Begin \AtBeginDocument code.
Package caption Info: float package is loaded.
Package caption Info: hyperref package is loaded.
Package caption Info: End \AtBeginDocument code.
Package hyperref Info: Link coloring ON on input line 35.
 (./main.out) (./main.out)
\@outlinefile=\write4
\openout4 = `main.out'.

LaTeX Font Info:    Trying to load font information for U+msa on input line 47.


(/usr/local/texlive/2026/texmf-dist/tex/latex/amsfonts/umsa.fd
File: umsa.fd 2013/01/14 v3.01 AMS symbols A
)
LaTeX Font Info:    Trying to load font information for U+msb on input line 47.


(/usr/local/texlive/2026/texmf-dist/tex/latex/amsfonts/umsb.fd
File: umsb.fd 2013/01/14 v3.01 AMS symbols B
)
LaTeX Font Info:    Trying to load font information for T1+pcr on input line 54
.

(/usr/local/texlive/2026/texmf-dist/tex/latex/psnfss/t1pcr.fd
File: t1pcr.fd 2001/06/04 font definitions for T1/pcr.
) [1


{/usr/local/texlive/2026/texmf-var/fonts/map/pdftex/updmap/pdftex.map}{/usr/loc
al/texlive/2026/texmf-dist/fonts/enc/dvips/base/8r.enc}]
LaTeX Font Info:    Calculating math sizes for size <> on input line 54.


LaTeX Font Warning: Font shape `OT1/cmr/m/n' in size <> not available
(Font)              size <5> substituted on input line 54.


LaTeX Font Warning: Font shape `OT1/cmr/m/n' in size <0.7> not available
(Font)              size <5> substituted on input line 54.


LaTeX Font Warning: Font shape `OT1/cmr/m/n' in size <0.5> not available
(Font)              size <5> substituted on input line 54.


LaTeX Font Warning: Font shape `OML/cmm/m/it' in size <> not available
(Font)              size <5> substituted on input line 54.


LaTeX Font Warning: Font shape `OML/cmm/m/it' in size <0.7> not available
(Font)              size <5> substituted on input line 54.


LaTeX Font Warning: Font shape `OML/cmm/m/it' in size <0.5> not available
(Font)              size <5> substituted on input line 54.


LaTeX Font Warning: Font shape `OMS/cmsy/m/n' in size <> not available
(Font)              size <5> substituted on input line 54.


LaTeX Font Warning: Font shape `OMS/cmsy/m/n' in size <0.7> not available
(Font)              size <5> substituted on input line 54.


LaTeX Font Warning: Font shape `OMS/cmsy/m/n' in size <0.5> not available
(Font)              size <5> substituted on input line 54.

LaTeX Font Info:    Trying to load font information for T1+phv on input line 58
.
(/usr/local/texlive/2026/texmf-dist/tex/latex/psnfss/t1phv.fd
File: t1phv.fd 2020/03/25 scalable font definitions for T1/phv.
) [2]
Overfull \hbox (1.6302pt too wide) in paragraph at lines 83--84
\T1/ptm/m/n/10 cross-state knowl-edge, com-bined with lightweight state adapter
s that en-able rapid
 []

[3] [4]
Overfull \hbox (6.60649pt too wide) in paragraph at lines 108--109
[]\T1/ptm/m/n/10 The Mixture-of-Experts (MoE) frame-work [[]] pro-vides a nat-u
-ral so-lu-tion to regime-
 []

[5]
Overfull \hbox (22.37646pt too wide) in paragraph at lines 116--128
 [][] 
 []


Overfull \hbox (4.76628pt too wide) in paragraph at lines 134--135
[]\T1/ptm/m/n/10 Uncertainty quan-tifi-ca-tion has gained in-creas-ing at-ten-t
ion in fi-nan-cial ma-chine learn-
 []

[6] [7]
LaTeX Font Info:    Trying to load font information for TS1+ptm on input line 1
64.
 (/usr/local/texlive/2026/texmf-dist/tex/latex/psnfss/ts1ptm.fd
File: ts1ptm.fd 2001/06/04 font definitions for TS1/ptm.
)
[8] [9] [10]
Overfull \hbox (2.78616pt too wide) in paragraph at lines 299--300
[]\T1/ptm/m/n/10 Instead of man-u-ally defin-ing mar-ket states us-ing heuris-t
ic volatil-ity and trend thresh-
 []

[11]
<./data/figures/market_state_distribution.png, id=432, 578.16pt x 361.35pt>
File: ./data/figures/market_state_distribution.png Graphic file (type png)
<use ./data/figures/market_state_distribution.png>
Package pdftex.def Info: ./data/figures/market_state_distribution.png  used on 
input line 303.
(pdftex.def)             Requested size: 293.2521pt x 183.28256pt.
 [12 <./data/figures/market_state_distribution.png>] [13]
Overfull \hbox (5.86554pt too wide) in paragraph at lines 371--372
\T1/ptm/m/n/10 Trans-former en-coder across all states while al-low-ing state-s
pecific spe-cial-iza-tion through
 []


Overfull \hbox (1.53624pt too wide) in paragraph at lines 371--372
\T1/ptm/m/n/10 trans-fer learn-ing [[]], where adapters en-able task-specific a
dap-ta-tion with-out full model
 []

[14]
Overfull \hbox (4.89685pt too wide) in paragraph at lines 389--390
[]\T1/ptm/m/n/10 Table [][]3[][] re-ports the pa-ram-e-ter counts. The hi-er-ar
-chi-cal ar-chi-tec-ture uses only 122,720
 []

[15]
<./data/figures/position_sizing.png, id=472, 867.24pt x 289.08pt>
File: ./data/figures/position_sizing.png Graphic file (type png)
<use ./data/figures/position_sizing.png>
Package pdftex.def Info: ./data/figures/position_sizing.png  used on input line
 437.
(pdftex.def)             Requested size: 293.2521pt x 97.75217pt.
 [16] [17 <./data/figures/position_sizing.png>]
Overfull \hbox (66.97676pt too wide) in paragraph at lines 497--505
 [][] 
 []

[18]
Overfull \hbox (2.96509pt too wide) in paragraph at lines 525--526
[]\T1/ptm/m/n/10 Sharpe Ra-tio: An-nu-al-ized risk-adjusted ex-cess re-turn, $[
] \OT1/cmr/m/n/10 = [] \OMS/cmsy/m/n/10 ^^A \OML/cmm/m/it/10 ^^V[]=^^[[]$\T1/pt
m/m/n/10 ,
 []

[19] [20] [21]
Overfull \hbox (25.47955pt too wide) in paragraph at lines 602--616
 [][] 
 []

[22]
<./data/figures/backtest_curve.png, id=546, 867.24pt x 433.62pt>
File: ./data/figures/backtest_curve.png Graphic file (type png)
<use ./data/figures/backtest_curve.png>
Package pdftex.def Info: ./data/figures/backtest_curve.png  used on input line 
622.
(pdftex.def)             Requested size: 293.2521pt x 146.62825pt.
<./data/figures/backtest_drawdown.png, id=548, 867.24pt x 289.08pt>
File: ./data/figures/backtest_drawdown.png Graphic file (type png)
<use ./data/figures/backtest_drawdown.png>
Package pdftex.def Info: ./data/figures/backtest_drawdown.png  used on input li
ne 631.
(pdftex.def)             Requested size: 293.2521pt x 97.75217pt.
<./data/figures/return_distribution.png, id=550, 578.16pt x 361.35pt>
File: ./data/figures/return_distribution.png Graphic file (type png)
<use ./data/figures/return_distribution.png>
Package pdftex.def Info: ./data/figures/return_distribution.png  used on input 
line 640.
(pdftex.def)             Requested size: 293.2521pt x 183.28256pt.
<./data/figures/monthly_returns_heatmap.png, id=552, 867.24pt x 433.62pt>
File: ./data/figures/monthly_returns_heatmap.png Graphic file (type png)
<use ./data/figures/monthly_returns_heatmap.png>
Package pdftex.def Info: ./data/figures/monthly_returns_heatmap.png  used on in
put line 649.
(pdftex.def)             Requested size: 293.2521pt x 146.62825pt.
 [23 <./data/figures/backtest_curve.png> <./data/figures/backtest_drawdown.png>
] [24 <./data/figures/return_distribution.png>]
<./data/figures/drawdown_comparison.png, id=573, 722.7pt x 433.62pt>
File: ./data/figures/drawdown_comparison.png Graphic file (type png)
<use ./data/figures/drawdown_comparison.png>
Package pdftex.def Info: ./data/figures/drawdown_comparison.png  used on input 
line 687.
(pdftex.def)             Requested size: 293.2521pt x 175.95258pt.
<./data/figures/ablation_boxplot.png, id=575, 722.7pt x 433.62pt>
File: ./data/figures/ablation_boxplot.png Graphic file (type png)
<use ./data/figures/ablation_boxplot.png>
Package pdftex.def Info: ./data/figures/ablation_boxplot.png  used on input lin
e 696.
(pdftex.def)             Requested size: 293.2521pt x 175.95258pt.
<./data/figures/regime_performance.png, id=577, 611.6451pt x 394.5942pt>
File: ./data/figures/regime_performance.png Graphic file (type png)
<use ./data/figures/regime_performance.png>
Package pdftex.def Info: ./data/figures/regime_performance.png  used on input l
ine 705.
(pdftex.def)             Requested size: 293.2521pt x 189.19232pt.
 [25 <./data/figures/monthly_returns_heatmap.png>] [26 <./data/figures/drawdown
_comparison.png>]
<./data/figures/knowledge_transfer_efficiency.png, id=595, 630.6762pt x 394.594
2pt>
File: ./data/figures/knowledge_transfer_efficiency.png Graphic file (type png)
<use ./data/figures/knowledge_transfer_efficiency.png>
Package pdftex.def Info: ./data/figures/knowledge_transfer_efficiency.png  used
 on input line 735.
(pdftex.def)             Requested size: 293.2521pt x 183.47838pt.
<./data/figures/expert_activation_analysis.png, id=597, 1004.3121pt x 711.8595p
t>
File: ./data/figures/expert_activation_analysis.png Graphic file (type png)
<use ./data/figures/expert_activation_analysis.png>
Package pdftex.def Info: ./data/figures/expert_activation_analysis.png  used on
 input line 744.
(pdftex.def)             Requested size: 293.2521pt x 207.8569pt.
 [27 <./data/figures/ablation_boxplot.png>] [28 <./data/figures/regime_performa
nce.png>]
Overfull \hbox (2.5981pt too wide) in paragraph at lines 809--820
 [][] 
 []

<./data/figures/sector_analysis.png, id=617, 867.24pt x 433.62pt>
File: ./data/figures/sector_analysis.png Graphic file (type png)
<use ./data/figures/sector_analysis.png>
Package pdftex.def Info: ./data/figures/sector_analysis.png  used on input line
 826.
(pdftex.def)             Requested size: 293.2521pt x 146.62825pt.
<./data/figures/sharpe_scatter.png, id=619, 722.7pt x 433.62pt>
File: ./data/figures/sharpe_scatter.png Graphic file (type png)
<use ./data/figures/sharpe_scatter.png>
Package pdftex.def Info: ./data/figures/sharpe_scatter.png  used on input line 
835.
(pdftex.def)             Requested size: 293.2521pt x 175.95258pt.
<./data/figures/rolling_sharpe.png, id=621, 722.7pt x 289.08pt>
File: ./data/figures/rolling_sharpe.png Graphic file (type png)
<use ./data/figures/rolling_sharpe.png>
Package pdftex.def Info: ./data/figures/rolling_sharpe.png  used on input line 
844.
(pdftex.def)             Requested size: 293.2521pt x 117.30171pt.
[29 <./data/figures/knowledge_transfer_efficiency.png>]
<./data/figures/bootstrap_distribution.png, id=633, 622.4856pt x 397.7259pt>
File: ./data/figures/bootstrap_distribution.png Graphic file (type png)
<use ./data/figures/bootstrap_distribution.png>
Package pdftex.def Info: ./data/figures/bootstrap_distribution.png  used on inp
ut line 885.
(pdftex.def)             Requested size: 293.2521pt x 187.36815pt.
 [30 <./data/figures/expert_activation_analysis.png>]
<./data/figures/knowledge_forgetting_matrix.png, id=643, 480.3546pt x 396.2805p
t>
File: ./data/figures/knowledge_forgetting_matrix.png Graphic file (type png)
<use ./data/figures/knowledge_forgetting_matrix.png>
Package pdftex.def Info: ./data/figures/knowledge_forgetting_matrix.png  used o
n input line 918.
(pdftex.def)             Requested size: 293.2521pt x 241.93028pt.
 [31]
<./data/figures/knowledge_evolution.png, id=653, 725.109pt x 453.3738pt>
File: ./data/figures/knowledge_evolution.png Graphic file (type png)
<use ./data/figures/knowledge_evolution.png>
Package pdftex.def Info: ./data/figures/knowledge_evolution.png  used on input 
line 931.
(pdftex.def)             Requested size: 293.2521pt x 183.3525pt.
 [32 <./data/figures/sector_analysis.png>]
<./data/figures/state_ambiguity_analysis.png, id=663, 999.0123pt x 859.5312pt>
File: ./data/figures/state_ambiguity_analysis.png Graphic file (type png)
<use ./data/figures/state_ambiguity_analysis.png>
Package pdftex.def Info: ./data/figures/state_ambiguity_analysis.png  used on i
nput line 962.
(pdftex.def)             Requested size: 293.2521pt x 252.30043pt.
<./data/figures/bidirectional_flow.png, id=665, 1004.3121pt x 353.8821pt>
File: ./data/figures/bidirectional_flow.png Graphic file (type png)
<use ./data/figures/bidirectional_flow.png>
Package pdftex.def Info: ./data/figures/bidirectional_flow.png  used on input l
ine 975.
(pdftex.def)             Requested size: 293.2521pt x 103.33054pt.
LaTeX Info: Symbol \textrightarrow not provided by
            font family ptm in TS1 encoding.
            Default family used instead on input line 976.
LaTeX Info: Symbol \textrightarrow not provided by
            font family ptm in TS1 encoding.
            Default family used instead on input line 976.
LaTeX Info: Symbol \textrightarrow not provided by
            font family ptm in TS1 encoding.
            Default family used instead on input line 976.
LaTeX Info: Symbol \textrightarrow not provided by
            font family ptm in TS1 encoding.
            Default family used instead on input line 976.

[33 <./data/figures/sharpe_scatter.png> <./data/figures/rolling_sharpe.png>]
[34] [35 <./data/figures/bootstrap_distribution.png>]
<./data/figures/strategy_nav_uncertainty.png, id=684, 867.24pt x 433.62pt>
File: ./data/figures/strategy_nav_uncertainty.png Graphic file (type png)
<use ./data/figures/strategy_nav_uncertainty.png>
Package pdftex.def Info: ./data/figures/strategy_nav_uncertainty.png  used on i
nput line 1016.
(pdftex.def)             Requested size: 293.2521pt x 146.62825pt.
 [36 <./data/figures/knowledge_forgetting_matrix.png>]
<./data/figures/drawdown_uncertainty.png, id=693, 867.24pt x 289.08pt>
File: ./data/figures/drawdown_uncertainty.png Graphic file (type png)
<use ./data/figures/drawdown_uncertainty.png>
Package pdftex.def Info: ./data/figures/drawdown_uncertainty.png  used on input
 line 1025.
(pdftex.def)             Requested size: 293.2521pt x 97.75217pt.
 [37 <./data/figures/knowledge_evolution.png>]
[38 <./data/figures/state_ambiguity_analysis.png>] [39{/usr/local/texlive/2026/
texmf-dist/fonts/enc/dvips/cm-super/cm-super-ts1.enc} <./data/figures/bidirecti
onal_flow.png> <./data/figures/strategy_nav_uncertainty.png>] [40 <./data/figur
es/drawdown_uncertainty.png>]
Overfull \hbox (13.0702pt too wide) in paragraph at lines 1095--1096
[]\T1/ptm/m/n/10 Cost con-sid-er-a-tions: The sys-tem's com-pu-ta-tional cost i
s dom-i-nated by the PatchTST
 []

[41]
Overfull \hbox (2.46722pt too wide) in paragraph at lines 1100--1101
[]\T1/ptm/m/n/10 We ac-knowl-edge that the De-flated Sharpe Ra-tio (0.246) in-d
i-cates the av-er-age Sharpe
 []

[42]
Overfull \hbox (4.80093pt too wide) in paragraph at lines 1127--1128
[]\T1/ptm/m/n/10 Our sys-tem achieves su-pe-rior cross-stock con-sis-tency: 16 
out of 18 stocks (88.9%)
 []

[43] [44] (./main.bbl [45] [46] [47]) [48] (./main.aux)
 ***********
LaTeX2e <2026-06-01>
L3 programming layer <2026-06-18>
 ***********


LaTeX Font Warning: Size substitutions with differences
(Font)              up to 4.5pt have occurred.

Package rerunfilecheck Info: File `main.out' has not changed.
(rerunfilecheck)             Checksum: 948937F9A1D23BE7341A8327A1913D05;15866.
 ) 
Here is how much of TeX's memory you used:
 18028 strings out of 467168
 350657 string characters out of 5409462
 731367 words of memory out of 5000000
 46809 multiletter control sequences out of 15000+600000
 672411 words of font info for 111 fonts, out of 8000000 for 9000
 1141 hyphenation exceptions out of 8191
 74i,9n,80p,2427b,1222s stack positions out of 10000i,1000n,20000p,200000b,200000s
</usr/local/texlive/2026/texmf-dist/fonts/type1/public/amsfonts/cm/cmbx10.pfb
></usr/local/texlive/2026/texmf-dist/fonts/type1/public/amsfonts/cm/cmex10.pfb>
</usr/local/texlive/2026/texmf-dist/fonts/type1/public/amsfonts/cm/cmmi10.pfb><
/usr/local/texlive/2026/texmf-dist/fonts/type1/public/amsfonts/cm/cmmi5.pfb></u
sr/local/texlive/2026/texmf-dist/fonts/type1/public/amsfonts/cm/cmmi7.pfb></usr
/local/texlive/2026/texmf-dist/fonts/type1/public/amsfonts/cm/cmmi8.pfb></usr/l
ocal/texlive/2026/texmf-dist/fonts/type1/public/amsfonts/cm/cmr10.pfb></usr/loc
al/texlive/2026/texmf-dist/fonts/type1/public/amsfonts/cm/cmr5.pfb></usr/local/
texlive/2026/texmf-dist/fonts/type1/public/amsfonts/cm/cmr7.pfb></usr/local/tex
live/2026/texmf-dist/fonts/type1/public/amsfonts/cm/cmr8.pfb></usr/local/texliv
e/2026/texmf-dist/fonts/type1/public/amsfonts/cm/cmsy10.pfb></usr/local/texlive
/2026/texmf-dist/fonts/type1/public/amsfonts/cm/cmsy5.pfb></usr/local/texlive/2
026/texmf-dist/fonts/type1/public/amsfonts/cm/cmsy7.pfb></usr/local/texlive/202
6/texmf-dist/fonts/type1/public/amsfonts/cm/cmsy8.pfb></usr/local/texlive/2026/
texmf-dist/fonts/type1/public/amsfonts/symbols/msbm10.pfb></usr/local/texlive/2
026/texmf-dist/fonts/type1/public/cm-super/sfrm0800.pfb></usr/local/texlive/202
6/texmf-dist/fonts/type1/urw/courier/ucrr8a.pfb></usr/local/texlive/2026/texmf-
dist/fonts/type1/urw/helvetic/uhvr8a.pfb></usr/local/texlive/2026/texmf-dist/fo
nts/type1/urw/times/utmb8a.pfb></usr/local/texlive/2026/texmf-dist/fonts/type1/
urw/times/utmr8a.pfb></usr/local/texlive/2026/texmf-dist/fonts/type1/urw/times/
utmri8a.pfb>
Output written on main.pdf (48 pages, 5182477 bytes).
PDF statistics:
 940 PDF objects out of 1000 (max. 8388607)
 798 compressed objects within 8 object streams
 258 named destinations out of 1000 (max. 500000)
 706 words of extra memory for PDF output out of 10000 (max. 10000000)

